<?xml version="1.0" encoding="UTF-8"?>
<!-- Generated by org.testng.reporters.JUnitXMLReporter -->
<testsuite ignored="0" hostname="DESKTOP-A2G1KPM" failures="1" tests="2" name="Test" time="12.242" errors="0" timestamp="2025-05-08T17:58:25 IST">
  <testcase classname="inventoryTest.AddProductToCartTest" name="sample" time="0.089">
    <failure type="java.lang.AssertionError" message="null">
      <![CDATA[java.lang.AssertionError: null
at inventoryTest.AddProductToCartTest.sample(AddProductToCartTest.java:89)
at java.base/java.util.ArrayList.forEach(ArrayList.java:1597)
... Removed 27 stack frames]]>
    </failure>
  </testcase> <!-- sample -->
  <testcase classname="inventoryTest.AddProductToCartTest" name="tc_01_AddProductToCartTest" time="2.064"/>
</testsuite> <!-- Test -->
