<?xml version="1.0" encoding="UTF-8"?>
<testng-results ignored="0" total="4" passed="4" failed="0" skipped="0">
  <reporter-output>
  </reporter-output>
  <suite started-at="2025-05-10T19:01:14 IST" name="Suite" finished-at="2025-05-10T19:01:33 IST" duration-ms="19228">
    <groups>
      <group name="SmokeSuite">
        <method signature="AddProductToCartTest.tc_01_AddProductToCartTest()[pri:0, instance:inventoryTest.AddProductToCartTest@13e344d]" name="tc_01_AddProductToCartTest" class="inventoryTest.AddProductToCartTest"/>
        <method signature="AddProductToCartTest.tc_01_AddProductToCartTest()[pri:0, instance:inventoryTest.AddProductToCartTest@5149d738]" name="tc_01_AddProductToCartTest" class="inventoryTest.AddProductToCartTest"/>
      </group> <!-- SmokeSuite -->
    </groups>
    <test started-at="2025-05-10T19:01:14 IST" name="TestRunnerEdge" finished-at="2025-05-10T19:01:33 IST" duration-ms="19228">
      <class name="inventoryTest.AddProductToCartTest">
        <test-method is-config="true" signature="bcConfig()[pri:0, instance:inventoryTest.AddProductToCartTest@13e344d]" started-at="2025-05-10T19:01:15 IST" name="bcConfig" finished-at="2025-05-10T19:01:21 IST" duration-ms="6385" status="PASS">
          <reporter-output>
          </reporter-output>
        </test-method> <!-- bcConfig -->
        <test-method is-config="true" signature="bmConfig()[pri:0, instance:inventoryTest.AddProductToCartTest@13e344d]" started-at="2025-05-10T19:01:21 IST" name="bmConfig" finished-at="2025-05-10T19:01:24 IST" duration-ms="3283" status="PASS">
          <reporter-output>
          </reporter-output>
        </test-method> <!-- bmConfig -->
        <test-method signature="sample()[pri:0, instance:inventoryTest.AddProductToCartTest@13e344d]" started-at="2025-05-10T19:01:24 IST" name="sample" finished-at="2025-05-10T19:01:24 IST" duration-ms="135" status="PASS">
          <reporter-output>
          </reporter-output>
        </test-method> <!-- sample -->
        <test-method is-config="true" signature="amConfig()[pri:0, instance:inventoryTest.AddProductToCartTest@13e344d]" started-at="2025-05-10T19:01:24 IST" name="amConfig" finished-at="2025-05-10T19:01:26 IST" duration-ms="1591" status="PASS">
          <reporter-output>
          </reporter-output>
        </test-method> <!-- amConfig -->
        <test-method is-config="true" signature="bmConfig()[pri:0, instance:inventoryTest.AddProductToCartTest@13e344d]" started-at="2025-05-10T19:01:26 IST" name="bmConfig" finished-at="2025-05-10T19:01:27 IST" duration-ms="850" status="PASS">
          <reporter-output>
          </reporter-output>
        </test-method> <!-- bmConfig -->
        <test-method signature="tc_01_AddProductToCartTest()[pri:0, instance:inventoryTest.AddProductToCartTest@13e344d]" started-at="2025-05-10T19:01:27 IST" name="tc_01_AddProductToCartTest" finished-at="2025-05-10T19:01:31 IST" duration-ms="3774" status="PASS">
          <reporter-output>
          </reporter-output>
        </test-method> <!-- tc_01_AddProductToCartTest -->
        <test-method is-config="true" signature="amConfig()[pri:0, instance:inventoryTest.AddProductToCartTest@13e344d]" started-at="2025-05-10T19:01:31 IST" name="amConfig" finished-at="2025-05-10T19:01:31 IST" duration-ms="516" status="PASS">
          <reporter-output>
          </reporter-output>
        </test-method> <!-- amConfig -->
        <test-method is-config="true" signature="acConfig()[pri:0, instance:inventoryTest.AddProductToCartTest@13e344d]" started-at="2025-05-10T19:01:31 IST" name="acConfig" finished-at="2025-05-10T19:01:33 IST" duration-ms="1879" status="PASS">
          <reporter-output>
          </reporter-output>
        </test-method> <!-- acConfig -->
      </class> <!-- inventoryTest.AddProductToCartTest -->
    </test> <!-- TestRunnerEdge -->
    <test started-at="2025-05-10T19:01:14 IST" name="TestRunerFirefox" finished-at="2025-05-10T19:01:33 IST" duration-ms="19166">
      <class name="inventoryTest.AddProductToCartTest">
        <test-method is-config="true" signature="bsConfig()[pri:0, instance:inventoryTest.AddProductToCartTest@5149d738]" started-at="2025-05-10T19:01:14 IST" name="bsConfig" finished-at="2025-05-10T19:01:14 IST" duration-ms="17" status="PASS">
          <reporter-output>
          </reporter-output>
        </test-method> <!-- bsConfig -->
        <test-method is-config="true" signature="bcConfig()[pri:0, instance:inventoryTest.AddProductToCartTest@5149d738]" started-at="2025-05-10T19:01:15 IST" name="bcConfig" finished-at="2025-05-10T19:01:24 IST" duration-ms="9563" status="PASS">
          <reporter-output>
          </reporter-output>
        </test-method> <!-- bcConfig -->
        <test-method is-config="true" signature="bmConfig()[pri:0, instance:inventoryTest.AddProductToCartTest@5149d738]" started-at="2025-05-10T19:01:24 IST" name="bmConfig" finished-at="2025-05-10T19:01:25 IST" duration-ms="1255" status="PASS">
          <reporter-output>
          </reporter-output>
        </test-method> <!-- bmConfig -->
        <test-method signature="sample()[pri:0, instance:inventoryTest.AddProductToCartTest@5149d738]" started-at="2025-05-10T19:01:25 IST" name="sample" finished-at="2025-05-10T19:01:25 IST" duration-ms="11" status="PASS">
          <reporter-output>
          </reporter-output>
        </test-method> <!-- sample -->
        <test-method is-config="true" signature="amConfig()[pri:0, instance:inventoryTest.AddProductToCartTest@5149d738]" started-at="2025-05-10T19:01:25 IST" name="amConfig" finished-at="2025-05-10T19:01:26 IST" duration-ms="804" status="PASS">
          <reporter-output>
          </reporter-output>
        </test-method> <!-- amConfig -->
        <test-method is-config="true" signature="bmConfig()[pri:0, instance:inventoryTest.AddProductToCartTest@5149d738]" started-at="2025-05-10T19:01:26 IST" name="bmConfig" finished-at="2025-05-10T19:01:27 IST" duration-ms="685" status="PASS">
          <reporter-output>
          </reporter-output>
        </test-method> <!-- bmConfig -->
        <test-method signature="tc_01_AddProductToCartTest()[pri:0, instance:inventoryTest.AddProductToCartTest@5149d738]" started-at="2025-05-10T19:01:27 IST" name="tc_01_AddProductToCartTest" finished-at="2025-05-10T19:01:31 IST" duration-ms="3683" status="PASS">
          <reporter-output>
          </reporter-output>
        </test-method> <!-- tc_01_AddProductToCartTest -->
        <test-method is-config="true" signature="amConfig()[pri:0, instance:inventoryTest.AddProductToCartTest@5149d738]" started-at="2025-05-10T19:01:31 IST" name="amConfig" finished-at="2025-05-10T19:01:31 IST" duration-ms="434" status="PASS">
          <reporter-output>
          </reporter-output>
        </test-method> <!-- amConfig -->
        <test-method is-config="true" signature="acConfig()[pri:0, instance:inventoryTest.AddProductToCartTest@5149d738]" started-at="2025-05-10T19:01:31 IST" name="acConfig" finished-at="2025-05-10T19:01:33 IST" duration-ms="1962" status="PASS">
          <reporter-output>
          </reporter-output>
        </test-method> <!-- acConfig -->
        <test-method is-config="true" signature="asConfig()[pri:0, instance:inventoryTest.AddProductToCartTest@5149d738]" started-at="2025-05-10T19:01:34 IST" name="asConfig" finished-at="2025-05-10T19:01:34 IST" duration-ms="1" status="PASS">
          <reporter-output>
          </reporter-output>
        </test-method> <!-- asConfig -->
      </class> <!-- inventoryTest.AddProductToCartTest -->
    </test> <!-- TestRunerFirefox -->
  </suite> <!-- Suite -->
</testng-results>
